[23:21:40] [Render thread/INFO] [JMLogger] JourneyMap log initialized.
[23:21:40] [Render thread/INFO] [JourneymapClient] initialize ENTER
[23:21:40] [Render thread/INFO] [ClientAPI] [ClientAPI] built with JourneyMap API 1.9-SNAPSHOT
[23:21:40] [Render thread/INFO] [PluginHelper] Initializing plugins with Client API: journeymap.client.api.impl.ClientAPI
[23:21:40] [Render thread/INFO] [PluginHelper] Initialized IClientPlugin: games.alejandrocoria.mapfrontiers.client.plugin.MapFrontiersPlugin
[23:21:40] [Render thread/DEBUG] [JourneymapClient] Loading and Generating Journeymap configs
[23:21:40] [Render thread/INFO] [?] Version: JourneyMap 1.18.2-5.9.3, built with forge 1.18.2-40.1.86
forge: 40.2.0
Environment: os.name, os.arch, java.version, user.country, user.language=null, game language=en_us, locale=en_us
Features: 
	RadarPlayers : singleplayer = true , multiplayer = true
	RadarAnimals : singleplayer = true , multiplayer = true
	RadarMobs : singleplayer = true , multiplayer = true
	RadarVillagers : singleplayer = true , multiplayer = true
	MapTopo : singleplayer = true , multiplayer = true
	MapSurface : singleplayer = true , multiplayer = true
	MapCaves : singleplayer = true , multiplayer = true
	MapBiome : singleplayer = true , multiplayer = true
MiniMapProperties{state=Valid, file=journeymap.minimap.config, configVersion=5.9.3, zoomLevel=0, compassFontScale=1.25, terrainAlpha=100, showEntityNames=true, positionX=0.84940475, positionY=0.04215074, effectVertical=true, showPlayerHeading=true, sizePercent=25, playerDisplayScale=1.0, showDayNight=true, showPets=true, preferredMapType=day, showCompass=true, mobDisplay=jm.common.entity_display.icons, systemTimeRealFormat=HH:mm:ss, shape=jm.minimap.shape_square, showSelf=true, selfDisplayScale=0.75, showGrid=false, reticleOrientation=jm.minimap.orientation.playerheading, gameTimeRealFormat=HH:mm:ss, effectTranslateX=-87, showWaypoints=true, minimapKeyMovementSpeed=0.001, showAnimals=true, infoSlotAlpha=0.75, effectTranslateY=13, showWaypointLabels=true, moveEffectIcons=true, position=jm.minimap.position_custom, fontScale=1.0, showPlayers=true, waypointIconScale=1.0, frameAlpha=100, effectReversed=false, backgroundAlpha=0.8, enabled=true, showVillagers=true, info2Label=jm.theme.labelsource.gametime, info3Label=jm.theme.labelsource.location, showMobs=true, waypointLabelScale=1.0, showReticle=true, orientation=jm.minimap.orientation.north, info4Label=jm.theme.labelsource.biome, locationFormat=xyz, playerDisplay=jm.common.entity_display.icons, mobDisplayScale=1.0, showCaves=true, showMobHeading=true, locationFormatVerbose=false, info1Label=jm.theme.labelsource.moonphase}
MiniMapProperties{state=Valid, file=journeymap.minimap2.config, configVersion=5.9.3, zoomLevel=0, compassFontScale=1.0, terrainAlpha=100, showEntityNames=true, positionX=0.9, positionY=0.25, effectVertical=false, showPlayerHeading=true, sizePercent=30, playerDisplayScale=1.0, showDayNight=true, showPets=true, preferredMapType=day, showCompass=true, mobDisplay=jm.common.entity_display.dots, systemTimeRealFormat=HH:mm:ss, shape=jm.minimap.shape_rectangle, showSelf=true, selfDisplayScale=1.0, showGrid=true, reticleOrientation=jm.minimap.orientation.compass, gameTimeRealFormat=HH:mm:ss, effectTranslateX=0, showWaypoints=true, minimapKeyMovementSpeed=0.001, showAnimals=true, infoSlotAlpha=0.7, effectTranslateY=0, showWaypointLabels=true, moveEffectIcons=true, position=jm.minimap.position_topright, fontScale=1.0, showPlayers=true, waypointIconScale=1.0, frameAlpha=100, effectReversed=false, backgroundAlpha=0.8, enabled=true, showVillagers=true, info2Label=jm.theme.labelsource.gametime, info3Label=jm.theme.labelsource.location, showMobs=true, waypointLabelScale=1.0, showReticle=true, orientation=jm.minimap.orientation.north, info4Label=jm.theme.labelsource.biome, locationFormat=xzyv, playerDisplay=jm.common.entity_display.dots, mobDisplayScale=1.0, showCaves=true, showMobHeading=true, locationFormatVerbose=true, info1Label=jm.theme.labelsource.blank}
FullMapProperties{state=Valid, file=journeymap.fullmap.config, configVersion=5.9.3, zoomLevel=1, showPlayers=true, waypointIconScale=1.0, showEntityNames=true, showPlayerHeading=true, showVillagers=true, showPlayerLoc=true, showKeys=true, playerDisplayScale=1.0, showMobs=true, showPets=true, waypointLabelScale=1.0, preferredMapType=day, mobDisplay=jm.common.entity_display.dots, showSelf=true, locationFormat=xzyv, playerDisplay=jm.common.entity_display.dots, mobDisplayScale=1.0, selfDisplayScale=1.0, showGrid=true, showMouseLoc=true, showWaypoints=true, showCaves=true, showAnimals=true, dragScale=1, showMobHeading=true, showWaypointLabels=true, locationFormatVerbose=true, fontScale=1.0}
WaypointProperties{state=Valid, file=journeymap.waypoint.config, configVersion=5.9.3, autoRemoveDeathpointDistance=2, dateFormat=MM-dd-yyyy, autoRemoveDeathpoints=true, fullscreenDoubleClickToCreate=true, managerDimensionFocus=false, minDistance=4, boldLabel=false, textureSmall=true, showDeathpointlabel=true, beaconEnabled=true, createDeathpoints=true, showName=true, disableStrikeThrough=false, maxDistance=0, autoHideLabel=true, autoRemoveTempWaypoints=2, teleportCommand=/tp {name} {x} {y} {z}, showStaticBeam=false, shaderBeacon=false, timeFormat=HH:mm:ss, showDeviationLabel=false, showDistance=false, showRotatingBeam=true, fontScale=2.0, showTexture=true, managerEnabled=true}
WebMapProperties{state=Valid, file=journeymap.webmap.config, configVersion=5.9.3, port=8080, enabled=false}
CoreProperties{state=Valid, file=journeymap.core.config, configVersion=5.9.3, verboseColorPalette=false, maxPlayersData=32, mapSurfaceAboveCaves=true, dataCachingEnabled=true, optionsManagerViewed=5.9.2, announceMod=false, colorPassive=#bbbbbb, mapBlendWater=true, renderDistanceSurfaceMax=0, seedId=false, radarVerticalDistance=16, mapBlendGrass=true, recordCacheStats=false, hideSneakingEntities=true, revealShape=jm.minimap.shape_square, mapBiome=true, alwaysMapSurface=false, colorVillager=#88e188, mapPlants=true, colorPet=#0077ff, radarLateralDistance=64, mapBathymetry=true, mapCrops=true, maxMobsData=32, mapPlantShadows=false, alwaysMapCaves=false, checkUpdates=true, mapBlendFoliage=true, hideSpectators=true, mappingEnabled=true, colorPlayer=#ffffff, tileHighDisplayQuality=true, cacheVillagersData=2200, logLevel=INFO, maxVillagersData=32, mapWaterBiomeColors=true, maxAnimalsData=32, mapTransparency=true, caveBlackAsClear=false, tileRenderType=1, caveIgnoreGlass=true, mapTopography=true, renderDistanceCaveMax=0, mapAntialiasing=true, colorSelf=#0000ff, cachePlayersData=2000, cacheMobsData=3000, cachePlayerData=1000, splashViewed=5.9.2, colorHostile=#ff0000, cacheAnimalsData=3100, themeName=Purist, mapCaveLighting=true, renderDelay=1, glErrorChecking=false, autoMapPoll=2000}
[23:21:40] [Render thread/DEBUG] [ForgeEventHandlerManager] Handler registered: journeymap.client.event.forge.ForgeKeyEvents
[23:21:40] [Render thread/DEBUG] [ForgeEventHandlerManager] Handler registered: journeymap.client.event.forge.ForgeChatEvents
[23:21:40] [Render thread/DEBUG] [ForgeEventHandlerManager] Handler registered: journeymap.client.event.forge.ForgeHudOverlayEvents
[23:21:40] [Render thread/DEBUG] [ForgeEventHandlerManager] Handler registered: journeymap.client.event.forge.ForgeWorldEvent
[23:21:40] [Render thread/DEBUG] [ForgeEventHandlerManager] Handler registered: journeymap.client.event.forge.ForgeChunkEvents
[23:21:40] [Render thread/DEBUG] [ForgeEventHandlerManager] Handler registered: journeymap.client.event.forge.ForgeClientTickEvent
[23:21:40] [Render thread/DEBUG] [ForgeEventHandlerManager] Handler registered: journeymap.client.event.forge.ForgeRenderLevelLastEvent
[23:21:40] [Render thread/DEBUG] [ForgeEventHandlerManager] Handler registered: journeymap.client.event.forge.ForgeLoggedInEvent
[23:21:40] [Render thread/DEBUG] [ForgeEventHandlerManager] Handler registered: journeymap.client.event.forge.ForgeTextureStitchedEvent
[23:21:40] [Render thread/DEBUG] [ForgeEventHandlerManager] Handler registered: journeymap.client.event.forge.ForgePopupCustomEvents
[23:21:40] [Render thread/INFO] [JourneymapClient] initialize EXIT, elapsed count 1 avg 179.59ms
[23:21:45] [Render thread/INFO] [JourneymapClient] Journeymap PostInit
[23:21:45] [Render thread/DEBUG] [JourneymapClient] postInitialize ENTER
[23:21:45] [Render thread/TRACE] [ThemeLoader] Initializing themes ...
[23:21:45] [Render thread/ERROR] [FileHandler] Couldn't locate icons for flat: D:\3rd%20Party%20Game%20Clients\CurseForge\Minecraft%20Modding\Instances\A%20Lord's%20Call\mods\journeymap-1.18.2-5.9.3-forge.jar\assets\journeymap\theme\flat
[23:21:45] [Render thread/INFO] [ThemeLoader] Preloaded theme textures: 0
[23:21:45] [Render thread/INFO] [JourneymapClient] postInitialize EXIT, elapsed count 1 avg 20.07ms
[23:22:52] [Server thread/INFO] [ForgeConfig] Loading JourneyMap Forge Configs
[23:23:00] [Render thread/INFO] [WaypointStore] Loaded 0 waypoints from D:\3rd Party Game Clients\CurseForge\Minecraft Modding\Instances\A Lord's Call\journeymap\data\sp\Alpha 0_0_1-1_18_2\waypoints
[23:23:00] [Render thread/INFO] [JourneymapClient] Mapping started in D:\3rd Party Game Clients\CurseForge\Minecraft Modding\Instances\A Lord's Call\journeymap\data\sp\Alpha 0_0_1-1_18_2\overworld. Memory: 3376MB total, 1024MB free 
[23:57:15] [Render thread/INFO] [ChatLog] 
[23:57:15] [JM-task-4/INFO] [MapRegionTask] Potential chunks to map in RegionCoord [-1,-1]: 469 of 1024
[23:57:16] [JM-task-4/INFO] [MapRegionTask] Actual chunks mapped in RegionCoord [-1,-1]: 469 
[23:57:16] [JM-task-4/INFO] [MapRegionTask] Memory usage at 22%
[23:57:16] [JM-task-4/INFO] [MapRegionTask] Skipping empty region: RegionCoord [-2,-1]
[23:57:16] [Render thread/INFO] [ChatLog] 
[23:57:17] [JM-task-4/INFO] [MapRegionTask] Skipping empty region: RegionCoord [-2,0]
[23:57:17] [Render thread/INFO] [ChatLog] 
[23:57:18] [JM-task-4/INFO] [MapRegionTask] Skipping empty region: RegionCoord [-1,1]
[23:57:18] [Render thread/INFO] [ChatLog] 
[23:57:19] [JM-task-4/INFO] [MapRegionTask] Skipping empty region: RegionCoord [0,1]
[23:57:19] [Render thread/INFO] [ChatLog] 
[23:57:20] [Render thread/INFO] [ChatLog] 
[23:57:41] [JM-task-4/INFO] [MapRegionTask] Potential chunks to map in RegionCoord [-1,-1]: 469 of 1024
[23:57:41] [Render thread/INFO] [ChatLog] 
[23:57:42] [JM-task-4/INFO] [MapRegionTask] Actual chunks mapped in RegionCoord [-1,-1]: 469 
[23:57:42] [JM-task-4/INFO] [MapRegionTask] Memory usage at 17%
[23:57:42] [JM-task-4/INFO] [MapRegionTask] Skipping empty region: RegionCoord [-2,-1]
[23:57:42] [Render thread/INFO] [ChatLog] 
[23:57:43] [Render thread/INFO] [ChatLog] 
[23:57:43] [JM-task-4/INFO] [MapRegionTask] Potential chunks to map in RegionCoord [-1,0]: 608 of 1024
[23:57:44] [Render thread/INFO] [ChatLog] 
[23:57:48] [JM-task-4/INFO] [MapRegionTask] Actual chunks mapped in RegionCoord [-1,0]: 608 
[23:57:48] [JM-task-4/INFO] [MapRegionTask] Memory usage at 17%
[23:57:48] [JM-task-4/INFO] [MapRegionTask] Potential chunks to map in RegionCoord [0,-1]: 265 of 1024
[23:57:49] [Render thread/INFO] [ChatLog] 
[23:57:53] [JM-task-4/INFO] [MapRegionTask] Actual chunks mapped in RegionCoord [0,-1]: 265 
[23:57:53] [JM-task-4/INFO] [MapRegionTask] Memory usage at 20%
[23:57:53] [JM-task-4/INFO] [MapRegionTask] Skipping empty region: RegionCoord [-2,0]
[23:57:54] [Render thread/INFO] [ChatLog] 
[23:57:54] [JM-task-4/INFO] [MapRegionTask] Potential chunks to map in RegionCoord [0,0]: 435 of 1024
[23:57:55] [Render thread/INFO] [ChatLog] 
[23:58:02] [JM-task-4/INFO] [MapRegionTask] Actual chunks mapped in RegionCoord [0,0]: 435 
[23:58:02] [JM-task-4/INFO] [MapRegionTask] Memory usage at 14%
[23:58:02] [JM-task-4/INFO] [MapRegionTask] Skipping empty region: RegionCoord [-1,1]
[23:58:02] [JM-task-4/INFO] [MapRegionTask] Skipping empty region: RegionCoord [0,1]
[23:58:03] [Render thread/INFO] [ChatLog] 
[23:58:04] [Render thread/INFO] [ChatLog] 
[00:00:39] [Render thread/INFO] [JourneymapClient] Mapping halted in D:\3rd Party Game Clients\CurseForge\Minecraft Modding\Instances\A Lord's Call\journeymap\data\mp\offline\minecraft:overworld
